# JRE version: OpenJDK Runtime Environment (21.0.8) (build 21.0.8+-14018985-b1038.68)
# Java VM: OpenJDK 64-Bit Server VM (21.0.8+-14018985-b1038.68, mixed mode, tiered, compressed oops, compressed class ptrs, g1 gc, windows-amd64)
GC Precious Log:
 CardTable entry size: 512
 Card Set container configuration: InlinePtr #cards 4 size 8 Array Of Cards #cards 32 size 80 Howl #buckets 8 coarsen threshold 7372 Howl Bitmap #cards 1024 size 144 coarsen threshold 921 Card regions per heap region 1 cards per card region 8192
 CPUs: 8 total, 8 available
 Memory: 7876M
 Large Page Support: Disabled
 NUMA Support: Disabled
 Compressed Oops: Enabled (Zero based)
 Heap Region Size: 4M
 Heap Min Capacity: 8M
 Heap Initial Capacity: 124M
 Heap Max Capacity: 8G
 Pre-touch: Disabled
 Parallel Workers: 8
 Concurrent Workers: 2
 Concurrent Refinement Workers: 8
 Periodic GC: Disabled
Heap:
 garbage-first heap   total 1556480K, used 420414K [0x0000000600000000, 0x0000000800000000)
  region size 4096K, 2 young (8192K), 2 survivors (8192K)
 Metaspace       used 337147K, committed 340288K, reserved 1376256K
  class space    used 42620K, committed 44096K, reserved 1048576K
GC Heap History (20 events):
Event: 32474.417 GC heap after
{Heap after GC invocations=166 (full 3):
 garbage-first heap   total 778240K, used 376147K [0x0000000600000000, 0x0000000800000000)
  region size 4096K, 4 young (16384K), 4 survivors (16384K)
 Metaspace       used 323491K, committed 326336K, reserved 1376256K
  class space    used 40544K, committed 41920K, reserved 1048576K
}
Event: 32481.710 GC heap before
{Heap before GC invocations=167 (full 3):
 garbage-first heap   total 778240K, used 707923K [0x0000000600000000, 0x0000000800000000)
  region size 4096K, 85 young (348160K), 4 survivors (16384K)
 Metaspace       used 333496K, committed 336512K, reserved 1376256K
  class space    used 42064K, committed 43520K, reserved 1048576K
}
Event: 32481.730 GC heap after
{Heap after GC invocations=168 (full 3):
 garbage-first heap   total 778240K, used 379371K [0x0000000600000000, 0x0000000800000000)
  region size 4096K, 5 young (20480K), 5 survivors (20480K)
 Metaspace       used 333496K, committed 336512K, reserved 1376256K
  class space    used 42064K, committed 43520K, reserved 1048576K
}
Event: 32508.191 GC heap before
{Heap before GC invocations=168 (full 3):
 garbage-first heap   total 778240K, used 702955K [0x0000000600000000, 0x0000000800000000)
  region size 4096K, 85 young (348160K), 5 survivors (20480K)
 Metaspace       used 337206K, committed 340288K, reserved 1376256K
  class space    used 42641K, committed 44096K, reserved 1048576K
}
Event: 32508.438 GC heap after
{Heap after GC invocations=169 (full 3):
 garbage-first heap   total 778240K, used 384764K [0x0000000600000000, 0x0000000800000000)
  region size 4096K, 8 young (32768K), 8 survivors (32768K)
 Metaspace       used 337206K, committed 340288K, reserved 1376256K
  class space    used 42641K, committed 44096K, reserved 1048576K
}
Event: 32509.761 GC heap before
{Heap before GC invocations=169 (full 3):
 garbage-first heap   total 778240K, used 691964K [0x0000000600000000, 0x0000000800000000)
  region size 4096K, 84 young (344064K), 8 survivors (32768K)
 Metaspace       used 337211K, committed 340288K, reserved 1376256K
  class space    used 42641K, committed 44096K, reserved 1048576K
}
Event: 32509.803 GC heap after
{Heap after GC invocations=170 (full 3):
 garbage-first heap   total 778240K, used 394733K [0x0000000600000000, 0x0000000800000000)
  region size 4096K, 8 young (32768K), 8 survivors (32768K)
 Metaspace       used 337211K, committed 340288K, reserved 1376256K
  class space    used 42641K, committed 44096K, reserved 1048576K
}
Event: 32511.709 GC heap before
{Heap before GC invocations=171 (full 3):
 garbage-first heap   total 778240K, used 693741K [0x0000000600000000, 0x0000000800000000)
  region size 4096K, 82 young (335872K), 8 survivors (32768K)
 Metaspace       used 337211K, committed 340288K, reserved 1376256K
  class space    used 42641K, committed 44096K, reserved 1048576K
}
Event: 32511.779 GC heap after
{Heap after GC invocations=172 (full 3):
 garbage-first heap   total 778240K, used 411060K [0x0000000600000000, 0x0000000800000000)
  region size 4096K, 8 young (32768K), 8 survivors (32768K)
 Metaspace       used 337211K, committed 340288K, reserved 1376256K
  class space    used 42641K, committed 44096K, reserved 1048576K
}
Event: 32513.338 GC heap before
{Heap before GC invocations=172 (full 3):
 garbage-first heap   total 778240K, used 693684K [0x0000000600000000, 0x0000000800000000)
  region size 4096K, 78 young (319488K), 8 survivors (32768K)
 Metaspace       used 337213K, committed 340288K, reserved 1376256K
  class space    used 42641K, committed 44096K, reserved 1048576K
}
Event: 32513.420 GC heap after
{Heap after GC invocations=173 (full 3):
 garbage-first heap   total 778240K, used 412038K [0x0000000600000000, 0x0000000800000000)
  region size 4096K, 7 young (28672K), 7 survivors (28672K)
 Metaspace       used 337213K, committed 340288K, reserved 1376256K
  class space    used 42641K, committed 44096K, reserved 1048576K
}
Event: 32514.530 GC heap before
{Heap before GC invocations=173 (full 3):
 garbage-first heap   total 778240K, used 702854K [0x0000000600000000, 0x0000000800000000)
  region size 4096K, 78 young (319488K), 7 survivors (28672K)
 Metaspace       used 337217K, committed 340288K, reserved 1376256K
  class space    used 42641K, committed 44096K, reserved 1048576K
}
Event: 32514.959 GC heap after
{Heap after GC invocations=174 (full 3):
 garbage-first heap   total 1556480K, used 414633K [0x0000000600000000, 0x0000000800000000)
  region size 4096K, 4 young (16384K), 4 survivors (16384K)
 Metaspace       used 337217K, committed 340288K, reserved 1376256K
  class space    used 42641K, committed 44096K, reserved 1048576K
}
Event: 32515.415 GC heap before
{Heap before GC invocations=174 (full 3):
 garbage-first heap   total 1556480K, used 476073K [0x0000000600000000, 0x0000000800000000)
  region size 4096K, 19 young (77824K), 4 survivors (16384K)
 Metaspace       used 337217K, committed 340288K, reserved 1376256K
  class space    used 42641K, committed 44096K, reserved 1048576K
}
Event: 32515.477 GC heap after
{Heap after GC invocations=175 (full 3):
 garbage-first heap   total 1556480K, used 416695K [0x0000000600000000, 0x0000000800000000)
  region size 4096K, 2 young (8192K), 2 survivors (8192K)
 Metaspace       used 337217K, committed 340288K, reserved 1376256K
  class space    used 42641K, committed 44096K, reserved 1048576K
}
Event: 32519.934 GC heap before
{Heap before GC invocations=175 (full 3):
 garbage-first heap   total 1409024K, used 732087K [0x0000000600000000, 0x0000000800000000)
  region size 4096K, 80 young (327680K), 2 survivors (8192K)
 Metaspace       used 337146K, committed 340288K, reserved 1376256K
  class space    used 42620K, committed 44096K, reserved 1048576K
}
Event: 32520.259 GC heap after
{Heap after GC invocations=176 (full 3):
 garbage-first heap   total 1409024K, used 418620K [0x0000000600000000, 0x0000000800000000)
  region size 4096K, 3 young (12288K), 3 survivors (12288K)
 Metaspace       used 337146K, committed 340288K, reserved 1376256K
  class space    used 42620K, committed 44096K, reserved 1048576K
}
Event: 32520.468 GC heap before
{Heap before GC invocations=176 (full 3):
 garbage-first heap   total 1409024K, used 475964K [0x0000000600000000, 0x0000000800000000)
  region size 4096K, 17 young (69632K), 3 survivors (12288K)
 Metaspace       used 337147K, committed 340288K, reserved 1376256K
  class space    used 42620K, committed 44096K, reserved 1048576K
}
Event: 32520.555 GC heap after
{Heap after GC invocations=177 (full 3):
 garbage-first heap   total 1409024K, used 419216K [0x0000000600000000, 0x0000000800000000)
  region size 4096K, 2 young (8192K), 2 survivors (8192K)
 Metaspace       used 337147K, committed 340288K, reserved 1376256K
  class space    used 42620K, committed 44096K, reserved 1048576K
}
Event: 32521.023 GC heap before
{Heap before GC invocations=177 (full 3):
 garbage-first heap   total 1409024K, used 578960K [0x0000000600000000, 0x0000000800000000)
  region size 4096K, 42 young (172032K), 2 survivors (8192K)
 Metaspace       used 337147K, committed 340288K, reserved 1376256K
  class space    used 42620K, committed 44096K, reserved 1048576K
}

